2021-12-28 08:07:23,220 DEBUG    decos.py    Была вызвана функция arg_parser с параметрами (), {}.Вызов из модуля __main__.Вызов из функции main() компонента client.py
2021-12-28 08:07:23,220 DEBUG    decos.py    Была вызвана функция arg_parser с параметрами (), {}.Вызов из модуля __main__.Вызов из функции main() компонента client.py
   Была вызвана функция arg_parser с параметрами (), {}.Вызов из модуля __main__.Вызов из функции main() компонента client.py
2021-12-28 08:07:23,221 INFO     client.py   Запущен клиент с парамертами: адрес сервера: 127.0.0.1, порт: 7777, имя пользователя: test1
2021-12-28 08:07:23,222 INFO     client.py   Запущен клиент с парамертами: адрес сервера: 127.0.0.1, порт: 7777, имя пользователя: test3
2021-12-28 08:07:24,249 DEBUG    client.py   Сформировано presence сообщение для пользователя test3
2021-12-28 08:07:24,250 DEBUG    decos.py    Была вызвана функция create_presence с параметрами ('test3',), {}.Вызов из модуля __main__.Вызов из функции main() компонента client.py
2021-12-28 08:07:24,251 INFO     client.py   Серверу отправлено сообщение
2021-12-28 08:07:24,248 DEBUG    client.py   Сформировано presence сообщение для пользователя test2
2021-12-28 08:07:24,251 DEBUG    client.py   Сформировано presence сообщение для пользователя test1
2021-12-28 08:07:24,252 DEBUG    decos.py    Была вызвана функция create_presence с параметрами ('test1',), {}.Вызов из модуля __main__.Вызов из функции main() компонента client.py
2021-12-28 08:07:24,252 DEBUG    decos.py    Была вызвана функция create_presence с параметрами ('test2',), {}.Вызов из модуля __main__.Вызов из функции main() компонента client.py
2021-12-28 08:07:24,253 INFO     client.py   Серверу отправлено сообщение
2021-12-28 08:07:24,253 INFO     client.py   Серверу отправлено сообщение
2021-12-28 08:07:24,258 DEBUG    decos.py    Была вызвана функция process_answer с параметрами ({'response': 200},), {}.Вызов из модуля __main__.Вызов из функции main() компонента client.py
2021-12-28 08:07:24,258 INFO     client.py   Принят ответ от сервера:200: все норм
2021-12-28 08:07:24,260 DEBUG    client.py   Запущены процессы
2021-12-28 08:07:24,298 DEBUG    decos.py    Была вызвана функция process_answer с параметрами ({'response': 200},), {}.Вызов из модуля __main__.Вызов из функции main() компонента client.py
2021-12-28 08:07:24,298 INFO     client.py   Принят ответ от сервера:200: все норм
2021-12-28 08:07:24,299 DEBUG    client.py   Запущены процессы
2021-12-28 08:07:24,331 DEBUG    decos.py    Была вызвана функция process_answer с параметрами ({'response': 200},), {}.Вызов из модуля __main__.Вызов из функции main() компонента client.py
2021-12-28 08:07:24,331 INFO     client.py   Принят ответ от сервера:200: все норм
2021-12-28 08:07:24,333 DEBUG    client.py   Запущены процессы
2021-12-28 08:07:30,087 DEBUG    decos.py    Была вызвана функция create_exit_message с параметрами (<ClientSender(Thread-2, started daemon 85992)>,), {}.Вызов из модуля __main__.Вызов из функции self._bootstrap_inner() компонента threading.py
2021-12-28 08:07:30,197 INFO     client.py   Завершение работы по команде пользователя.
2021-12-28 08:07:30,745 DEBUG    decos.py    Была вызвана функция main с параметрами (), {}.Вызов из модуля __main__.Вызов из функции main() компонента client.py
2021-12-28 08:07:38,424 DEBUG    decos.py    Была вызвана функция create_exit_message с параметрами (<ClientSender(Thread-2, started daemon 61536)>,), {}.Вызов из модуля __main__.Вызов из функции self._bootstrap_inner() компонента threading.py
2021-12-28 08:07:38,533 INFO     client.py   Завершение работы по команде пользователя.
2021-12-28 08:07:39,083 DEBUG    decos.py    Была вызвана функция main с параметрами (), {}.Вызов из модуля __main__.Вызов из функции main() компонента client.py
2021-12-28 08:08:22,049 DEBUG    client.py   Сформированно сообщение серверу: {'action': 'message', 'sender': 'test1', 'to': 'test1', 'time': 1640653702.0496287, 'mess_text': 'wfwegerg'}
2021-12-28 08:08:22,127 INFO     client.py   Отправлено сообщение для пользователя test1
2021-12-28 08:08:22,437 DEBUG    decos.py    Была вызвана функция create_message с параметрами (<ClientSender(Thread-2, started daemon 82064)>,), {}.Вызов из модуля __main__.Вызов из функции self._bootstrap_inner() компонента threading.py
2021-12-28 08:10:59,958 DEBUG    decos.py    Была вызвана функция create_exit_message с параметрами (<ClientSender(Thread-2, started daemon 82064)>,), {}.Вызов из модуля __main__.Вызов из функции self._bootstrap_inner() компонента threading.py
2021-12-28 08:11:00,067 INFO     client.py   Завершение работы по команде пользователя.
2021-12-28 08:11:00,630 DEBUG    decos.py    Была вызвана функция main с параметрами (), {}.Вызов из модуля __main__.Вызов из функции main() компонента client.py
2021-12-28 08:16:36,061 DEBUG    decos.py    Была вызвана функция arg_parser с параметрами (), {}.Вызов из модуля __main__.Вызов из функции main() компонента client.py
2021-12-28 08:16:36,062 INFO     client.py   Запущен клиент с парамертами: адрес сервера: 127.0.0.1, порт: 7777, имя пользователя: test2
2021-12-28 08:16:36,062 INFO     client.py   Запущен клиент с парамертами: адрес сервера: 127.0.0.1, порт: 7777, имя пользователя: test1
2021-12-28 08:16:36,070 DEBUG    decos.py    Была вызвана функция arg_parser с параметрами (), {}.Вызов из модуля __main__.Вызов из функции main() компонента client.py
2021-12-28 08:16:36,070 INFO     client.py   Запущен клиент с парамертами: адрес сервера: 127.0.0.1, порт: 7777, имя пользователя: test3
2021-12-28 08:16:37,096 DEBUG    client.py   Сформировано presence сообщение для пользователя test3
2021-12-28 08:16:37,097 DEBUG    decos.py    Была вызвана функция create_presence с параметрами ('test3',), {}.Вызов из модуля __main__.Вызов из функции main() компонента client.py
2021-12-28 08:16:37,097 DEBUG    decos.py    Была вызвана функция create_presence с параметрами ('test1',), {}.Вызов из модуля __main__.Вызов из функции main() компонента client.py
2021-12-28 08:16:37,097 INFO     client.py   Серверу отправлено сообщение
2021-12-28 08:16:37,097 INFO     client.py   Серверу отправлено сообщение
2021-12-28 08:16:37,100 DEBUG    decos.py    Была вызвана функция process_answer с параметрами ({'response': 200},), {}.Вызов из модуля __main__.Вызов из функции main() компонента client.py
2021-12-28 08:16:37,100 INFO     client.py   Принят ответ от сервера:200: все норм
2021-12-28 08:16:37,101 DEBUG    client.py   Запущены процессы
2021-12-28 08:16:37,115 DEBUG    decos.py    Была вызвана функция process_answer с параметрами ({'response': 200},), {}.Вызов из модуля __main__.Вызов из функции main() компонента client.py
2021-12-28 08:16:37,116 INFO     client.py   Принят ответ от сервера:200: все норм
2021-12-28 08:16:37,117 DEBUG    client.py   Запущены процессы
2021-12-28 08:16:37,118 DEBUG    decos.py    Была вызвана функция process_answer с параметрами ({'response': 200},), {}.Вызов из модуля __main__.Вызов из функции main() компонента client.py
2021-12-28 08:16:37,118 INFO     client.py   Принят ответ от сервера:200: все норм
2021-12-28 08:16:37,119 DEBUG    client.py   Запущены процессы
2021-12-28 08:16:42,491 DEBUG    decos.py    Была вызвана функция create_exit_message с параметрами (<ClientSender(Thread-2, started daemon 75652)>,), {}.Вызов из модуля __main__.Вызов из функции self._bootstrap_inner() компонента threading.py
2021-12-28 08:16:42,601 INFO     client.py   Завершение работы по команде пользователя.
2021-12-28 08:16:43,163 DEBUG    decos.py    Была вызвана функция main с параметрами (), {}.Вызов из модуля __main__.Вызов из функции main() компонента client.py
2021-12-28 08:24:05,132 DEBUG    decos.py    Была вызвана функция arg_parser с параметрами (), {}.Вызов из модуля __main__.Вызов из функции main() компонента client.py
2021-12-28 08:24:05,132 INFO     client.py   Запущен клиент с парамертами: адрес сервера: 127.0.0.1, порт: 7777, имя пользователя: test1
2021-12-28 08:24:05,132 INFO     client.py   Запущен клиент с парамертами: адрес сервера: 127.0.0.1, порт: 7777, имя пользователя: test2
2021-12-28 08:24:05,139 DEBUG    decos.py    Была вызвана функция arg_parser с параметрами (), {}.Вызов из модуля __main__.Вызов из функции main() компонента client.py
2021-12-28 08:24:05,141 INFO     client.py   Запущен клиент с парамертами: адрес сервера: 127.0.0.1, порт: 7777, имя пользователя: test3
2021-12-28 08:24:06,147 DEBUG    client.py   Сформировано presence сообщение для пользователя test3
2021-12-28 08:24:06,149 DEBUG    client.py   Сформировано presence сообщение для пользователя test1
2021-12-28 08:24:06,149 DEBUG    decos.py    Была вызвана функция create_presence с параметрами ('test3',), {}.Вызов из модуля __main__.Вызов из функции main() компонента client.py
2021-12-28 08:24:06,150 DEBUG    decos.py    Была вызвана функция create_presence с параметрами ('test1',), {}.Вызов из модуля __main__.Вызов из функции main() компонента client.py
2021-12-28 08:24:06,150 INFO     client.py   Серверу отправлено сообщение
2021-12-28 08:24:06,151 INFO     client.py   Серверу отправлено сообщение
2021-12-28 08:24:06,153 DEBUG    decos.py    Была вызвана функция process_answer с параметрами ({'response': 200},), {}.Вызов из модуля __main__.Вызов из функции main() компонента client.py
2021-12-28 08:24:06,154 INFO     client.py   Принят ответ от сервера:200: все норм
2021-12-28 08:24:06,155 DEBUG    client.py   Запущены процессы
2021-12-28 08:24:06,164 DEBUG    client.py   Сформировано presence сообщение для пользователя test2
2021-12-28 08:24:06,165 DEBUG    decos.py    Была вызвана функция create_presence с параметрами ('test2',), {}.Вызов из модуля __main__.Вызов из функции main() компонента client.py
2021-12-28 08:24:06,165 INFO     client.py   Серверу отправлено сообщение
2021-12-28 08:24:06,204 DEBUG    decos.py    Была вызвана функция process_answer с параметрами ({'response': 200},), {}.Вызов из модуля __main__.Вызов из функции main() компонента client.py
2021-12-28 08:24:06,205 INFO     client.py   Принят ответ от сервера:200: все норм
2021-12-28 08:24:06,206 DEBUG    client.py   Запущены процессы
2021-12-28 08:24:06,238 DEBUG    decos.py    Была вызвана функция process_answer с параметрами ({'response': 200},), {}.Вызов из модуля __main__.Вызов из функции main() компонента client.py
2021-12-28 08:24:06,238 INFO     client.py   Принят ответ от сервера:200: все норм
2021-12-28 08:24:06,239 DEBUG    client.py   Запущены процессы
2021-12-28 08:24:12,748 DEBUG    decos.py    Была вызвана функция create_exit_message с параметрами (<ClientSender(Thread-2, started daemon 80628)>,), {}.Вызов из модуля __main__.Вызов из функции self._bootstrap_inner() компонента threading.py
2021-12-28 08:24:12,857 INFO     client.py   Завершение работы по команде пользователя.
2021-12-28 08:24:13,421 DEBUG    decos.py    Была вызвана функция main с параметрами (), {}.Вызов из модуля __main__.Вызов из функции main() компонента client.py
2021-12-28 08:25:43,788 DEBUG    decos.py    Была вызвана функция arg_parser с параметрами (), {}.Вызов из модуля __main__.Вызов из функции main() компонента client.py
2021-12-28 08:25:43,788 INFO     client.py   Запущен клиент с парамертами: адрес сервера: 127.0.0.1, порт: 7777, имя пользователя: test2
2021-12-28 08:25:43,791 DEBUG    decos.py    Была вызвана функция arg_parser с параметрами (), {}.Вызов из модуля __main__.Вызов из функции main() компонента client.py
2021-12-28 08:25:43,791 INFO     client.py   Запущен клиент с парамертами: адрес сервера: 127.0.0.1, порт: 7777, имя пользователя: test1
2021-12-28 08:25:44,811 DEBUG    client.py   Сформировано presence сообщение для пользователя test2
2021-12-28 08:25:44,812 DEBUG    decos.py    Была вызвана функция create_presence с параметрами ('test2',), {}.Вызов из модуля __main__.Вызов из функции main() компонента client.py
2021-12-28 08:25:44,812 INFO     client.py   Серверу отправлено сообщение
2021-12-28 08:25:44,820 DEBUG    client.py   Сформировано presence сообщение для пользователя test3
2021-12-28 08:25:44,821 DEBUG    decos.py    Была вызвана функция create_presence с параметрами ('test3',), {}.Вызов из модуля __main__.Вызов из функции main() компонента client.py
2021-12-28 08:25:44,821 DEBUG    decos.py    Была вызвана функция create_presence с параметрами ('test1',), {}.Вызов из модуля __main__.Вызов из функции main() компонента client.py
2021-12-28 08:25:44,821 INFO     client.py   Серверу отправлено сообщение
2021-12-28 08:25:44,821 INFO     client.py   Серверу отправлено сообщение
2021-12-28 08:25:44,822 DEBUG    decos.py    Была вызвана функция process_answer с параметрами ({'response': 200},), {}.Вызов из модуля __main__.Вызов из функции main() компонента client.py
2021-12-28 08:25:44,822 INFO     client.py   Принят ответ от сервера:200: все норм
2021-12-28 08:25:44,824 DEBUG    client.py   Запущены процессы
2021-12-28 08:25:44,835 DEBUG    decos.py    Была вызвана функция process_answer с параметрами ({'response': 200},), {}.Вызов из модуля __main__.Вызов из функции main() компонента client.py
2021-12-28 08:25:44,836 INFO     client.py   Принят ответ от сервера:200: все норм
2021-12-28 08:25:44,837 DEBUG    client.py   Запущены процессы
2021-12-28 08:25:44,837 DEBUG    decos.py    Была вызвана функция process_answer с параметрами ({'response': 200},), {}.Вызов из модуля __main__.Вызов из функции main() компонента client.py
2021-12-28 08:25:44,837 INFO     client.py   Принят ответ от сервера:200: все норм
2021-12-28 08:25:44,839 DEBUG    client.py   Запущены процессы
2021-12-28 08:25:48,339 DEBUG    decos.py    Была вызвана функция create_exit_message с параметрами (<ClientSender(Thread-2, started daemon 83312)>,), {}.Вызов из модуля __main__.Вызов из функции self._bootstrap_inner() компонента threading.py
2021-12-28 08:25:48,447 INFO     client.py   Завершение работы по команде пользователя.
2021-12-28 08:25:48,996 DEBUG    decos.py    Была вызвана функция main с параметрами (), {}.Вызов из модуля __main__.Вызов из функции main() компонента client.py
2021-12-28 08:26:43,801 DEBUG    decos.py    Была вызвана функция arg_parser с параметрами (), {}.Вызов из модуля __main__.Вызов из функции main() компонента client.py
2021-12-28 08:26:43,802 DEBUG    decos.py    Была вызвана функция arg_parser с параметрами (), {}.Вызов из модуля __main__.Вызов из функции main() компонента client.py
2021-12-28 08:26:43,802 INFO     client.py   Запущен клиент с парамертами: адрес сервера: 127.0.0.1, порт: 7777, имя пользователя: test1
2021-12-28 08:26:43,803 INFO     client.py   Запущен клиент с парамертами: адрес сервера: 127.0.0.1, порт: 7777, имя пользователя: test3
2021-12-28 08:26:43,806 DEBUG    decos.py    Была вызвана функция arg_parser с параметрами (), {}.Вызов из модуля __main__.Вызов из функции main() компонента client.py
2021-12-28 08:26:43,807 INFO     client.py   Запущен клиент с парамертами: адрес сервера: 127.0.0.1, порт: 7777, имя пользователя: test2
2021-12-28 08:26:44,819 DEBUG    client.py   Сформировано presence сообщение для пользователя test1
2021-12-28 08:26:44,820 DEBUG    decos.py    Была вызвана функция create_presence с параметрами ('test1',), {}.Вызов из модуля __main__.Вызов из функции main() компонента client.py
2021-12-28 08:26:44,820 DEBUG    decos.py    Была вызвана функция create_presence с параметрами ('test3',), {}.Вызов из модуля __main__.Вызов из функции main() компонента client.py
2021-12-28 08:26:44,822 INFO     client.py   Серверу отправлено сообщение
2021-12-28 08:26:44,822 INFO     client.py   Серверу отправлено сообщение
2021-12-28 08:26:44,823 DEBUG    decos.py    Была вызвана функция process_answer с параметрами ({'response': 200},), {}.Вызов из модуля __main__.Вызов из функции main() компонента client.py
2021-12-28 08:26:44,823 INFO     client.py   Принят ответ от сервера:200: все норм
2021-12-28 08:26:44,825 DEBUG    client.py   Запущены процессы
2021-12-28 08:26:44,835 DEBUG    client.py   Сформировано presence сообщение для пользователя test2
2021-12-28 08:26:44,835 DEBUG    decos.py    Была вызвана функция create_presence с параметрами ('test2',), {}.Вызов из модуля __main__.Вызов из функции main() компонента client.py
2021-12-28 08:26:44,835 INFO     client.py   Серверу отправлено сообщение
2021-12-28 08:26:44,859 DEBUG    decos.py    Была вызвана функция process_answer с параметрами ({'response': 200},), {}.Вызов из модуля __main__.Вызов из функции main() компонента client.py
2021-12-28 08:26:44,859 INFO     client.py   Принят ответ от сервера:200: все норм
2021-12-28 08:26:44,860 DEBUG    client.py   Запущены процессы
2021-12-28 08:26:44,889 DEBUG    decos.py    Была вызвана функция process_answer с параметрами ({'response': 200},), {}.Вызов из модуля __main__.Вызов из функции main() компонента client.py
2021-12-28 08:26:44,889 INFO     client.py   Принят ответ от сервера:200: все норм
2021-12-28 08:26:44,890 DEBUG    client.py   Запущены процессы
2021-12-28 08:26:56,340 DEBUG    client.py   Сформированно сообщение серверу: {'action': 'message', 'sender': 'test2', 'to': 'test2', 'time': 1640654816.3401737, 'mess_text': 'gsdgsdgss'}
2021-12-28 08:26:56,418 INFO     client.py   Отправлено сообщение для пользователя test2
2021-12-28 08:26:56,715 DEBUG    decos.py    Была вызвана функция create_message с параметрами (<ClientSender(Thread-2, started daemon 83156)>,), {}.Вызов из модуля __main__.Вызов из функции self._bootstrap_inner() компонента threading.py
2021-12-28 08:28:48,411 DEBUG    decos.py    Была вызвана функция arg_parser с параметрами (), {}.Вызов из модуля __main__.Вызов из функции main() компонента client.py
2021-12-28 08:28:48,412 INFO     client.py   Запущен клиент с парамертами: адрес сервера: 127.0.0.1, порт: 7777, имя пользователя: test1
2021-12-28 08:28:48,422 DEBUG    decos.py    Была вызвана функция arg_parser с параметрами (), {}.Вызов из модуля __main__.Вызов из функции main() компонента client.py
2021-12-28 08:28:48,423 INFO     client.py   Запущен клиент с парамертами: адрес сервера: 127.0.0.1, порт: 7777, имя пользователя: test3
2021-12-28 08:28:48,439 DEBUG    decos.py    Была вызвана функция arg_parser с параметрами (), {}.Вызов из модуля __main__.Вызов из функции main() компонента client.py
2021-12-28 08:28:48,440 INFO     client.py   Запущен клиент с парамертами: адрес сервера: 127.0.0.1, порт: 7777, имя пользователя: test2
2021-12-28 08:28:49,430 DEBUG    client.py   Сформировано presence сообщение для пользователя test1
2021-12-28 08:28:49,431 DEBUG    decos.py    Была вызвана функция create_presence с параметрами ('test3',), {}.Вызов из модуля __main__.Вызов из функции main() компонента client.py
2021-12-28 08:28:49,431 DEBUG    decos.py    Была вызвана функция create_presence с параметрами ('test1',), {}.Вызов из модуля __main__.Вызов из функции main() компонента client.py
2021-12-28 08:28:49,431 INFO     client.py   Серверу отправлено сообщение
2021-12-28 08:28:49,431 INFO     client.py   Серверу отправлено сообщение
2021-12-28 08:28:49,434 DEBUG    decos.py    Была вызвана функция process_answer с параметрами ({'response': 200},), {}.Вызов из модуля __main__.Вызов из функции main() компонента client.py
2021-12-28 08:28:49,434 INFO     client.py   Принят ответ от сервера:200: все норм
2021-12-28 08:28:49,435 DEBUG    client.py   Запущены процессы
2021-12-28 08:28:49,445 DEBUG    client.py   Сформировано presence сообщение для пользователя test2
2021-12-28 08:28:49,447 DEBUG    decos.py    Была вызвана функция create_presence с параметрами ('test2',), {}.Вызов из модуля __main__.Вызов из функции main() компонента client.py
2021-12-28 08:28:49,447 INFO     client.py   Серверу отправлено сообщение
2021-12-28 08:28:49,487 DEBUG    decos.py    Была вызвана функция process_answer с параметрами ({'response': 200},), {}.Вызов из модуля __main__.Вызов из функции main() компонента client.py
2021-12-28 08:28:49,487 INFO     client.py   Принят ответ от сервера:200: все норм
2021-12-28 08:28:49,489 DEBUG    client.py   Запущены процессы
2021-12-28 08:28:49,516 DEBUG    decos.py    Была вызвана функция process_answer с параметрами ({'response': 200},), {}.Вызов из модуля __main__.Вызов из функции main() компонента client.py
2021-12-28 08:28:49,517 INFO     client.py   Принят ответ от сервера:200: все норм
2021-12-28 08:28:49,518 DEBUG    client.py   Запущены процессы
2021-12-28 08:29:03,566 DEBUG    client.py   Сформированно сообщение серверу: {'action': 'message', 'sender': 'test3', 'to': 'test3', 'time': 1640654943.5666761, 'mess_text': 'asfadfas'}
2021-12-28 08:29:03,644 INFO     client.py   Отправлено сообщение для пользователя test3
2021-12-28 08:29:03,955 DEBUG    decos.py    Была вызвана функция create_message с параметрами (<ClientSender(Thread-2, started daemon 57592)>,), {}.Вызов из модуля __main__.Вызов из функции self._bootstrap_inner() компонента threading.py
2021-12-28 08:31:36,098 DEBUG    decos.py    Была вызвана функция arg_parser с параметрами (), {}.Вызов из модуля __main__.Вызов из функции main() компонента client.py
2021-12-28 08:31:36,099 INFO     client.py   Запущен клиент с парамертами: адрес сервера: 127.0.0.1, порт: 7777, имя пользователя: test2
2021-12-28 08:31:36,131 DEBUG    decos.py    Была вызвана функция arg_parser с параметрами (), {}.Вызов из модуля __main__.Вызов из функции main() компонента client.py
2021-12-28 08:31:36,132 INFO     client.py   Запущен клиент с парамертами: адрес сервера: 127.0.0.1, порт: 7777, имя пользователя: test1
2021-12-28 08:31:36,141 DEBUG    decos.py    Была вызвана функция arg_parser с параметрами (), {}.Вызов из модуля __main__.Вызов из функции main() компонента client.py
2021-12-28 08:31:36,141 INFO     client.py   Запущен клиент с парамертами: адрес сервера: 127.0.0.1, порт: 7777, имя пользователя: test3
2021-12-28 08:31:37,122 DEBUG    client.py   Сформировано presence сообщение для пользователя test2
2021-12-28 08:31:37,122 DEBUG    decos.py    Была вызвана функция create_presence с параметрами ('test2',), {}.Вызов из модуля __main__.Вызов из функции main() компонента client.py
2021-12-28 08:31:37,123 INFO     client.py   Серверу отправлено сообщение
2021-12-28 08:31:37,137 DEBUG    client.py   Сформировано presence сообщение для пользователя test1
2021-12-28 08:31:37,138 DEBUG    decos.py    Была вызвана функция create_presence с параметрами ('test1',), {}.Вызов из модуля __main__.Вызов из функции main() компонента client.py
2021-12-28 08:31:37,139 INFO     client.py   Серверу отправлено сообщение
2021-12-28 08:31:37,141 DEBUG    decos.py    Была вызвана функция process_answer с параметрами ({'response': 200},), {}.Вызов из модуля __main__.Вызов из функции main() компонента client.py
2021-12-28 08:31:37,141 INFO     client.py   Принят ответ от сервера:200: все норм
2021-12-28 08:31:37,143 DEBUG    client.py   Запущены процессы
2021-12-28 08:31:37,152 DEBUG    client.py   Сформировано presence сообщение для пользователя test3
2021-12-28 08:31:37,155 DEBUG    decos.py    Была вызвана функция create_presence с параметрами ('test3',), {}.Вызов из модуля __main__.Вызов из функции main() компонента client.py
2021-12-28 08:31:37,155 INFO     client.py   Серверу отправлено сообщение
2021-12-28 08:31:37,158 DEBUG    decos.py    Была вызвана функция process_answer с параметрами ({'response': 200},), {}.Вызов из модуля __main__.Вызов из функции main() компонента client.py
2021-12-28 08:31:37,158 INFO     client.py   Принят ответ от сервера:200: все норм
2021-12-28 08:31:37,160 DEBUG    client.py   Запущены процессы
2021-12-28 08:31:37,670 DEBUG    decos.py    Была вызвана функция process_answer с параметрами ({'response': 200},), {}.Вызов из модуля __main__.Вызов из функции main() компонента client.py
2021-12-28 08:31:37,670 INFO     client.py   Принят ответ от сервера:200: все норм
2021-12-28 08:31:37,671 DEBUG    client.py   Запущены процессы
2021-12-28 08:31:56,235 DEBUG    decos.py    Была вызвана функция arg_parser с параметрами (), {}.Вызов из модуля __main__.Вызов из функции main() компонента client.py
2021-12-28 08:31:56,236 INFO     client.py   Запущен клиент с парамертами: адрес сервера: 127.0.0.1, порт: 7777, имя пользователя: test2
2021-12-28 08:31:56,240 DEBUG    decos.py    Была вызвана функция arg_parser с параметрами (), {}.Вызов из модуля __main__.Вызов из функции main() компонента client.py
2021-12-28 08:31:56,241 INFO     client.py   Запущен клиент с парамертами: адрес сервера: 127.0.0.1, порт: 7777, имя пользователя: test1
2021-12-28 08:31:56,242 DEBUG    decos.py    Была вызвана функция arg_parser с параметрами (), {}.Вызов из модуля __main__.Вызов из функции main() компонента client.py
2021-12-28 08:31:56,242 INFO     client.py   Запущен клиент с парамертами: адрес сервера: 127.0.0.1, порт: 7777, имя пользователя: test3
2021-12-28 08:31:57,254 DEBUG    client.py   Сформировано presence сообщение для пользователя test2
2021-12-28 08:31:57,255 DEBUG    decos.py    Была вызвана функция create_presence с параметрами ('test2',), {}.Вызов из модуля __main__.Вызов из функции main() компонента client.py
2021-12-28 08:31:57,256 INFO     client.py   Серверу отправлено сообщение
2021-12-28 08:31:57,270 DEBUG    client.py   Сформировано presence сообщение для пользователя test1
2021-12-28 08:31:57,271 DEBUG    decos.py    Была вызвана функция create_presence с параметрами ('test1',), {}.Вызов из модуля __main__.Вызов из функции main() компонента client.py
2021-12-28 08:31:57,271 DEBUG    decos.py    Была вызвана функция create_presence с параметрами ('test3',), {}.Вызов из модуля __main__.Вызов из функции main() компонента client.py
2021-12-28 08:31:57,271 INFO     client.py   Серверу отправлено сообщение
2021-12-28 08:31:57,273 DEBUG    decos.py    Была вызвана функция process_answer с параметрами ({'response': 200},), {}.Вызов из модуля __main__.Вызов из функции main() компонента client.py
2021-12-28 08:31:57,273 INFO     client.py   Принят ответ от сервера:200: все норм
2021-12-28 08:31:57,276 DEBUG    client.py   Запущены процессы
2021-12-28 08:31:57,314 DEBUG    decos.py    Была вызвана функция process_answer с параметрами ({'response': 200},), {}.Вызов из модуля __main__.Вызов из функции main() компонента client.py
2021-12-28 08:31:57,314 INFO     client.py   Принят ответ от сервера:200: все норм
2021-12-28 08:31:57,315 DEBUG    client.py   Запущены процессы
2021-12-28 08:31:57,343 DEBUG    decos.py    Была вызвана функция process_answer с параметрами ({'response': 200},), {}.Вызов из модуля __main__.Вызов из функции main() компонента client.py
2021-12-28 08:31:57,344 INFO     client.py   Принят ответ от сервера:200: все норм
2021-12-28 08:31:57,345 DEBUG    client.py   Запущены процессы
2021-12-28 08:32:13,295 DEBUG    client.py   Сформированно сообщение серверу: {'action': 'message', 'sender': 'test3', 'to': 'test3', 'time': 1640655133.2957635, 'mess_text': 'faesfe'}
2021-12-28 08:32:13,373 INFO     client.py   Отправлено сообщение для пользователя test3
2021-12-28 08:32:13,733 INFO     client.py   Получено сообщение от пользователя test3:
faesfe
2021-12-28 08:32:13,733 DEBUG    decos.py    Была вызвана функция create_message с параметрами (<ClientSender(Thread-2, started daemon 18596)>,), {}.Вызов из модуля __main__.Вызов из функции self._bootstrap_inner() компонента threading.py
2021-12-28 08:33:06,542 DEBUG    client.py   Сформированно сообщение серверу: {'action': 'message', 'sender': 'test1', 'to': 'test1', 'time': 1640655186.542547, 'mess_text': 'sddgf'}
2021-12-28 08:33:06,619 INFO     client.py   Отправлено сообщение для пользователя test1
2021-12-28 08:33:06,931 DEBUG    decos.py    Была вызвана функция create_message с параметрами (<ClientSender(Thread-2, started daemon 81204)>,), {}.Вызов из модуля __main__.Вызов из функции self._bootstrap_inner() компонента threading.py
2021-12-28 08:33:07,055 INFO     client.py   Получено сообщение от пользователя test1:
sddgf
2021-12-28 08:33:13,290 DEBUG    decos.py    Была вызвана функция create_exit_message с параметрами (<ClientSender(Thread-2, started daemon 81204)>,), {}.Вызов из модуля __main__.Вызов из функции self._bootstrap_inner() компонента threading.py
2021-12-28 08:33:13,399 INFO     client.py   Завершение работы по команде пользователя.
2021-12-28 08:33:13,636 ERROR    client.py   Получено некорректное сообщение с сервера: {'response': 400, 'error': 'Запрос некорректен.'}
2021-12-28 08:33:13,948 DEBUG    decos.py    Была вызвана функция main с параметрами (), {}.Вызов из модуля __main__.Вызов из функции main() компонента client.py
2021-12-28 08:33:37,324 DEBUG    decos.py    Была вызвана функция create_exit_message с параметрами (<ClientSender(Thread-2, started daemon 18596)>,), {}.Вызов из модуля __main__.Вызов из функции self._bootstrap_inner() компонента threading.py
2021-12-28 08:33:37,434 INFO     client.py   Завершение работы по команде пользователя.
2021-12-28 08:33:37,480 ERROR    client.py   Получено некорректное сообщение с сервера: {'response': 400, 'error': 'Запрос некорректен.'}
2021-12-28 08:33:37,965 DEBUG    decos.py    Была вызвана функция main с параметрами (), {}.Вызов из модуля __main__.Вызов из функции main() компонента client.py
2021-12-28 08:35:57,855 DEBUG    decos.py    Была вызвана функция arg_parser с параметрами (), {}.Вызов из модуля __main__.Вызов из функции main() компонента client.py
2021-12-28 08:35:57,856 INFO     client.py   Запущен клиент с парамертами: адрес сервера: 127.0.0.1, порт: 7777, имя пользователя: test3
2021-12-28 08:35:57,876 DEBUG    decos.py    Была вызвана функция arg_parser с параметрами (), {}.Вызов из модуля __main__.Вызов из функции main() компонента client.py
2021-12-28 08:35:57,877 DEBUG    decos.py    Была вызвана функция arg_parser с параметрами (), {}.Вызов из модуля __main__.Вызов из функции main() компонента client.py
2021-12-28 08:35:57,877 INFO     client.py   Запущен клиент с парамертами: адрес сервера: 127.0.0.1, порт: 7777, имя пользователя: test2
2021-12-28 08:35:57,877 INFO     client.py   Запущен клиент с парамертами: адрес сервера: 127.0.0.1, порт: 7777, имя пользователя: test1
2021-12-28 08:35:58,879 DEBUG    client.py   Сформировано presence сообщение для пользователя test3
2021-12-28 08:35:58,880 DEBUG    decos.py    Была вызвана функция create_presence с параметрами ('test3',), {}.Вызов из модуля __main__.Вызов из функции main() компонента client.py
2021-12-28 08:35:58,881 INFO     client.py   Серверу отправлено сообщение
2021-12-28 08:35:58,895 DEBUG    client.py   Сформировано presence сообщение для пользователя test2
2021-12-28 08:35:58,895 DEBUG    client.py   Сформировано presence сообщение для пользователя test1
2021-12-28 08:35:58,896 DEBUG    decos.py    Была вызвана функция create_presence с параметрами ('test1',), {}.Вызов из модуля __main__.Вызов из функции main() компонента client.py
2021-12-28 08:35:58,896 DEBUG    decos.py    Была вызвана функция create_presence с параметрами ('test2',), {}.Вызов из модуля __main__.Вызов из функции main() компонента client.py
2021-12-28 08:35:58,897 INFO     client.py   Серверу отправлено сообщение
2021-12-28 08:35:58,897 INFO     client.py   Серверу отправлено сообщение
2021-12-28 08:35:58,900 DEBUG    decos.py    Была вызвана функция process_answer с параметрами ({'response': 200},), {}.Вызов из модуля __main__.Вызов из функции main() компонента client.py
2021-12-28 08:35:58,900 INFO     client.py   Принят ответ от сервера:200: все норм
2021-12-28 08:35:58,901 DEBUG    client.py   Запущены процессы
2021-12-28 08:35:58,946 DEBUG    decos.py    Была вызвана функция process_answer с параметрами ({'response': 200},), {}.Вызов из модуля __main__.Вызов из функции main() компонента client.py
2021-12-28 08:35:58,946 INFO     client.py   Принят ответ от сервера:200: все норм
2021-12-28 08:35:58,947 DEBUG    client.py   Запущены процессы
2021-12-28 08:35:58,977 DEBUG    decos.py    Была вызвана функция process_answer с параметрами ({'response': 200},), {}.Вызов из модуля __main__.Вызов из функции main() компонента client.py
2021-12-28 08:35:58,977 INFO     client.py   Принят ответ от сервера:200: все норм
2021-12-28 08:35:58,978 DEBUG    client.py   Запущены процессы
2021-12-28 08:36:03,724 DEBUG    decos.py    Была вызвана функция create_exit_message с параметрами (<ClientSender(Thread-2, started daemon 83080)>,), {}.Вызов из модуля __main__.Вызов из функции self._bootstrap_inner() компонента threading.py
2021-12-28 08:36:03,833 INFO     client.py   Завершение работы по команде пользователя.
2021-12-28 08:36:04,173 ERROR    client.py   Получено некорректное сообщение с сервера: {'response': 400, 'error': 'Запрос некорректен.'}
2021-12-28 08:36:04,393 DEBUG    decos.py    Была вызвана функция main с параметрами (), {}.Вызов из модуля __main__.Вызов из функции main() компонента client.py
2021-12-28 08:37:52,411 DEBUG    decos.py    Была вызвана функция arg_parser с параметрами (), {}.Вызов из модуля __main__.Вызов из функции main() компонента client.py
2021-12-28 08:37:52,413 INFO     client.py   Запущен клиент с парамертами: адрес сервера: 127.0.0.1, порт: 7777, имя пользователя: test3
2021-12-28 08:37:52,420 DEBUG    decos.py    Была вызвана функция arg_parser с параметрами (), {}.Вызов из модуля __main__.Вызов из функции main() компонента client.py
2021-12-28 08:37:52,420 INFO     client.py   Запущен клиент с парамертами: адрес сервера: 127.0.0.1, порт: 7777, имя пользователя: test2
2021-12-28 08:37:52,427 DEBUG    decos.py    Была вызвана функция arg_parser с параметрами (), {}.Вызов из модуля __main__.Вызов из функции main() компонента client.py
2021-12-28 08:37:52,427 INFO     client.py   Запущен клиент с парамертами: адрес сервера: 127.0.0.1, порт: 7777, имя пользователя: test1
2021-12-28 08:37:53,439 DEBUG    client.py   Сформировано presence сообщение для пользователя test3
2021-12-28 08:37:53,440 DEBUG    decos.py    Была вызвана функция create_presence с параметрами ('test3',), {}.Вызов из модуля __main__.Вызов из функции main() компонента client.py
2021-12-28 08:37:53,440 DEBUG    decos.py    Была вызвана функция create_presence с параметрами ('test2',), {}.Вызов из модуля __main__.Вызов из функции main() компонента client.py
2021-12-28 08:37:53,441 INFO     client.py   Серверу отправлено сообщение
2021-12-28 08:37:53,444 DEBUG    decos.py    Была вызвана функция process_answer с параметрами ({'response': 200},), {}.Вызов из модуля __main__.Вызов из функции main() компонента client.py
2021-12-28 08:37:53,444 INFO     client.py   Принят ответ от сервера:200: все норм
2021-12-28 08:37:53,446 DEBUG    client.py   Запущены процессы
2021-12-28 08:37:53,455 DEBUG    client.py   Сформировано presence сообщение для пользователя test1
2021-12-28 08:37:53,456 DEBUG    decos.py    Была вызвана функция create_presence с параметрами ('test1',), {}.Вызов из модуля __main__.Вызов из функции main() компонента client.py
2021-12-28 08:37:53,456 INFO     client.py   Серверу отправлено сообщение
2021-12-28 08:37:53,483 DEBUG    decos.py    Была вызвана функция process_answer с параметрами ({'response': 200},), {}.Вызов из модуля __main__.Вызов из функции main() компонента client.py
2021-12-28 08:37:53,483 INFO     client.py   Принят ответ от сервера:200: все норм
2021-12-28 08:37:53,485 DEBUG    client.py   Запущены процессы
2021-12-28 08:37:53,517 DEBUG    decos.py    Была вызвана функция process_answer с параметрами ({'response': 200},), {}.Вызов из модуля __main__.Вызов из функции main() компонента client.py
2021-12-28 08:37:53,517 INFO     client.py   Принят ответ от сервера:200: все норм
2021-12-28 08:37:53,519 DEBUG    client.py   Запущены процессы
2021-12-28 08:38:05,074 DEBUG    decos.py    Была вызвана функция create_exit_message с параметрами (<ClientSender(Thread-2, started daemon 85996)>,), {}.Вызов из модуля __main__.Вызов из функции self._bootstrap_inner() компонента threading.py
2021-12-28 08:38:05,200 INFO     client.py   Завершение работы по команде пользователя.
2021-12-28 08:38:05,341 ERROR    client.py   Получено некорректное сообщение с сервера: {'response': 400, 'error': 'Запрос некорректен.'}
2021-12-28 08:38:05,750 DEBUG    decos.py    Была вызвана функция main с параметрами (), {}.Вызов из модуля __main__.Вызов из функции main() компонента client.py
2021-12-28 08:42:04,959 DEBUG    decos.py    Была вызвана функция arg_parser с параметрами (), {}.Вызов из модуля __main__.Вызов из функции main() компонента client.py
2021-12-28 08:42:04,960 INFO     client.py   Запущен клиент с парамертами: адрес сервера: 127.0.0.1, порт: 7777, имя пользователя: test2
2021-12-28 08:42:04,961 DEBUG    decos.py    Была вызвана функция arg_parser с параметрами (), {}.Вызов из модуля __main__.Вызов из функции main() компонента client.py
2021-12-28 08:42:04,961 INFO     client.py   Запущен клиент с парамертами: адрес сервера: 127.0.0.1, порт: 7777, имя пользователя: test3
2021-12-28 08:42:04,966 DEBUG    decos.py    Была вызвана функция arg_parser с параметрами (), {}.Вызов из модуля __main__.Вызов из функции main() компонента client.py
2021-12-28 08:42:04,967 INFO     client.py   Запущен клиент с парамертами: адрес сервера: 127.0.0.1, порт: 7777, имя пользователя: test1
2021-12-28 08:42:05,989 DEBUG    client.py   Сформировано presence сообщение для пользователя test1
2021-12-28 08:42:05,990 DEBUG    decos.py    Была вызвана функция create_presence с параметрами ('test3',), {}.Вызов из модуля __main__.Вызов из функции main() компонента client.py
2021-12-28 08:42:05,990 DEBUG    decos.py    Была вызвана функция create_presence с параметрами ('test2',), {}.Вызов из модуля __main__.Вызов из функции main() компонента client.py
2021-12-28 08:42:05,990 INFO     client.py   Серверу отправлено сообщение
2021-12-28 08:42:05,990 INFO     client.py   Серверу отправлено сообщение
2021-12-28 08:42:05,990 INFO     client.py   Серверу отправлено сообщение
2021-12-28 08:42:05,998 DEBUG    decos.py    Была вызвана функция process_answer с параметрами ({'response': 200},), {}.Вызов из модуля __main__.Вызов из функции main() компонента client.py
2021-12-28 08:42:05,998 INFO     client.py   Принят ответ от сервера:200: все норм
2021-12-28 08:42:06,000 DEBUG    client.py   Запущены процессы
2021-12-28 08:42:06,042 DEBUG    decos.py    Была вызвана функция process_answer с параметрами ({'response': 200},), {}.Вызов из модуля __main__.Вызов из функции main() компонента client.py
2021-12-28 08:42:06,042 INFO     client.py   Принят ответ от сервера:200: все норм
2021-12-28 08:42:06,043 DEBUG    client.py   Запущены процессы
2021-12-28 08:42:06,071 DEBUG    decos.py    Была вызвана функция process_answer с параметрами ({'response': 200},), {}.Вызов из модуля __main__.Вызов из функции main() компонента client.py
2021-12-28 08:42:06,072 INFO     client.py   Принят ответ от сервера:200: все норм
2021-12-28 08:42:06,073 DEBUG    client.py   Запущены процессы
2021-12-28 08:42:10,527 DEBUG    decos.py    Была вызвана функция create_exit_message с параметрами (<ClientSender(Thread-2, started daemon 73552)>,), {}.Вызов из модуля __main__.Вызов из функции self._bootstrap_inner() компонента threading.py
2021-12-28 08:42:10,651 INFO     client.py   Завершение работы по команде пользователя.
2021-12-28 08:42:10,745 ERROR    client.py   Получено некорректное сообщение с сервера: {'response': 400, 'error': 'Запрос некорректен.'}
2021-12-28 08:42:11,214 DEBUG    decos.py    Была вызвана функция main с параметрами (), {}.Вызов из модуля __main__.Вызов из функции main() компонента client.py
2021-12-28 08:43:27,330 DEBUG    decos.py    Была вызвана функция arg_parser с параметрами (), {}.Вызов из модуля __main__.Вызов из функции main() компонента client.py
2021-12-28 08:43:27,331 INFO     client.py   Запущен клиент с парамертами: адрес сервера: 127.0.0.1, порт: 7777, имя пользователя: test3
2021-12-28 08:43:27,336 DEBUG    decos.py    Была вызвана функция arg_parser с параметрами (), {}.Вызов из модуля __main__.Вызов из функции main() компонента client.py
2021-12-28 08:43:27,337 INFO     client.py   Запущен клиент с парамертами: адрес сервера: 127.0.0.1, порт: 7777, имя пользователя: test1
2021-12-28 08:43:27,337 INFO     client.py   Запущен клиент с парамертами: адрес сервера: 127.0.0.1, порт: 7777, имя пользователя: test2
2021-12-28 08:43:28,356 DEBUG    client.py   Сформировано presence сообщение для пользователя test1
2021-12-28 08:43:28,356 DEBUG    client.py   Сформировано presence сообщение для пользователя test3
2021-12-28 08:43:28,357 DEBUG    decos.py    Была вызвана функция create_presence с параметрами ('test1',), {}.Вызов из модуля __main__.Вызов из функции main() компонента client.py
2021-12-28 08:43:28,357 DEBUG    decos.py    Была вызвана функция create_presence с параметрами ('test2',), {}.Вызов из модуля __main__.Вызов из функции main() компонента client.py
2021-12-28 08:43:28,358 INFO     client.py   Серверу отправлено сообщение
2021-12-28 08:43:28,358 INFO     client.py   Серверу отправлено сообщение
2021-12-28 08:43:28,358 DEBUG    decos.py    Была вызвана функция create_presence с параметрами ('test3',), {}.Вызов из модуля __main__.Вызов из функции main() компонента client.py
2021-12-28 08:43:28,358 INFO     client.py   Серверу отправлено сообщение
2021-12-28 08:43:28,361 DEBUG    decos.py    Была вызвана функция process_answer с параметрами ({'response': 200},), {}.Вызов из модуля __main__.Вызов из функции main() компонента client.py
2021-12-28 08:43:28,361 INFO     client.py   Принят ответ от сервера:200: все норм
2021-12-28 08:43:28,362 DEBUG    client.py   Запущены процессы
2021-12-28 08:43:28,402 DEBUG    decos.py    Была вызвана функция process_answer с параметрами ({'response': 200},), {}.Вызов из модуля __main__.Вызов из функции main() компонента client.py
2021-12-28 08:43:28,402 INFO     client.py   Принят ответ от сервера:200: все норм
2021-12-28 08:43:28,403 DEBUG    client.py   Запущены процессы
2021-12-28 08:43:28,432 DEBUG    decos.py    Была вызвана функция process_answer с параметрами ({'response': 200},), {}.Вызов из модуля __main__.Вызов из функции main() компонента client.py
2021-12-28 08:43:28,432 INFO     client.py   Принят ответ от сервера:200: все норм
2021-12-28 08:43:28,433 DEBUG    client.py   Запущены процессы
2021-12-28 08:43:37,566 DEBUG    decos.py    Была вызвана функция create_exit_message с параметрами (<ClientSender(Thread-2, started daemon 84132)>,), {}.Вызов из модуля __main__.Вызов из функции self._bootstrap_inner() компонента threading.py
2021-12-28 08:43:37,676 INFO     client.py   Завершение работы по команде пользователя.
2021-12-28 08:43:37,691 ERROR    client.py   Получено некорректное сообщение с сервера: {'response': 400, 'error': 'Запрос некорректен.'}
2021-12-28 08:43:38,237 DEBUG    decos.py    Была вызвана функция main с параметрами (), {}.Вызов из модуля __main__.Вызов из функции main() компонента client.py
2021-12-28 08:44:45,171 DEBUG    decos.py    Была вызвана функция arg_parser с параметрами (), {}.Вызов из модуля __main__.Вызов из функции main() компонента client.py
2021-12-28 08:44:45,171 INFO     client.py   Запущен клиент с парамертами: адрес сервера: 127.0.0.1, порт: 7777, имя пользователя: test2
2021-12-28 08:44:45,194 DEBUG    decos.py    Была вызвана функция arg_parser с параметрами (), {}.Вызов из модуля __main__.Вызов из функции main() компонента client.py
2021-12-28 08:44:45,195 INFO     client.py   Запущен клиент с парамертами: адрес сервера: 127.0.0.1, порт: 7777, имя пользователя: test1
2021-12-28 08:44:45,215 DEBUG    decos.py    Была вызвана функция arg_parser с параметрами (), {}.Вызов из модуля __main__.Вызов из функции main() компонента client.py
2021-12-28 08:44:45,216 INFO     client.py   Запущен клиент с парамертами: адрес сервера: 127.0.0.1, порт: 7777, имя пользователя: test3
2021-12-28 08:44:46,180 DEBUG    client.py   Сформировано presence сообщение для пользователя test2
2021-12-28 08:44:46,180 DEBUG    decos.py    Была вызвана функция create_presence с параметрами ('test2',), {}.Вызов из модуля __main__.Вызов из функции main() компонента client.py
2021-12-28 08:44:46,180 INFO     client.py   Серверу отправлено сообщение
2021-12-28 08:44:46,227 DEBUG    client.py   Сформировано presence сообщение для пользователя test1
2021-12-28 08:44:46,228 DEBUG    decos.py    Была вызвана функция create_presence с параметрами ('test1',), {}.Вызов из модуля __main__.Вызов из функции main() компонента client.py
2021-12-28 08:44:46,229 INFO     client.py   Серверу отправлено сообщение
2021-12-28 08:44:46,231 DEBUG    decos.py    Была вызвана функция process_answer с параметрами ({'response': 200},), {}.Вызов из модуля __main__.Вызов из функции main() компонента client.py
2021-12-28 08:44:46,232 INFO     client.py   Принят ответ от сервера:200: все норм
2021-12-28 08:44:46,233 DEBUG    client.py   Запущены процессы
2021-12-28 08:44:46,243 DEBUG    client.py   Сформировано presence сообщение для пользователя test3
2021-12-28 08:44:46,244 DEBUG    decos.py    Была вызвана функция create_presence с параметрами ('test3',), {}.Вызов из модуля __main__.Вызов из функции main() компонента client.py
2021-12-28 08:44:46,245 INFO     client.py   Серверу отправлено сообщение
2021-12-28 08:44:46,268 DEBUG    decos.py    Была вызвана функция process_answer с параметрами ({'response': 200},), {}.Вызов из модуля __main__.Вызов из функции main() компонента client.py
2021-12-28 08:44:46,268 INFO     client.py   Принят ответ от сервера:200: все норм
2021-12-28 08:44:46,269 DEBUG    client.py   Запущены процессы
2021-12-28 08:44:46,299 DEBUG    decos.py    Была вызвана функция process_answer с параметрами ({'response': 200},), {}.Вызов из модуля __main__.Вызов из функции main() компонента client.py
2021-12-28 08:44:46,300 INFO     client.py   Принят ответ от сервера:200: все норм
2021-12-28 08:44:46,301 DEBUG    client.py   Запущены процессы
2021-12-28 08:44:51,169 DEBUG    decos.py    Была вызвана функция create_exit_message с параметрами (<ClientSender(Thread-2, started daemon 85884)>,), {}.Вызов из модуля __main__.Вызов из функции self._bootstrap_inner() компонента threading.py
2021-12-28 08:44:51,326 INFO     client.py   Завершение работы по команде пользователя.
2021-12-28 08:44:51,498 ERROR    client.py   Получено некорректное сообщение с сервера: {'response': 400, 'error': 'Запрос некорректен.'}
2021-12-28 08:44:51,887 DEBUG    decos.py    Была вызвана функция main с параметрами (), {}.Вызов из модуля __main__.Вызов из функции main() компонента client.py
2021-12-28 08:47:05,978 DEBUG    decos.py    Была вызвана функция arg_parser с параметрами (), {}.Вызов из модуля __main__.Вызов из функции main() компонента client.py
2021-12-28 08:47:05,979 INFO     client.py   Запущен клиент с парамертами: адрес сервера: 127.0.0.1, порт: 7777, имя пользователя: test1
2021-12-28 08:47:05,984 DEBUG    decos.py    Была вызвана функция arg_parser с параметрами (), {}.Вызов из модуля __main__.Вызов из функции main() компонента client.py
2021-12-28 08:47:05,987 INFO     client.py   Запущен клиент с парамертами: адрес сервера: 127.0.0.1, порт: 7777, имя пользователя: test3
2021-12-28 08:47:05,999 DEBUG    decos.py    Была вызвана функция arg_parser с параметрами (), {}.Вызов из модуля __main__.Вызов из функции main() компонента client.py
2021-12-28 08:47:06,000 INFO     client.py   Запущен клиент с парамертами: адрес сервера: 127.0.0.1, порт: 7777, имя пользователя: test2
2021-12-28 08:47:06,988 DEBUG    client.py   Сформировано presence сообщение для пользователя test1
2021-12-28 08:47:06,989 DEBUG    decos.py    Была вызвана функция create_presence с параметрами ('test1',), {}.Вызов из модуля __main__.Вызов из функции main() компонента client.py
2021-12-28 08:47:06,989 INFO     client.py   Серверу отправлено сообщение
2021-12-28 08:47:07,004 DEBUG    client.py   Сформировано presence сообщение для пользователя test2
2021-12-28 08:47:07,006 DEBUG    decos.py    Была вызвана функция create_presence с параметрами ('test3',), {}.Вызов из модуля __main__.Вызов из функции main() компонента client.py
2021-12-28 08:47:07,006 INFO     client.py   Серверу отправлено сообщение
2021-12-28 08:47:07,008 DEBUG    decos.py    Была вызвана функция process_answer с параметрами ({'response': 200},), {}.Вызов из модуля __main__.Вызов из функции main() компонента client.py
2021-12-28 08:47:07,009 INFO     client.py   Принят ответ от сервера:200: все норм
2021-12-28 08:47:07,012 DEBUG    client.py   Запущены процессы
2021-12-28 08:47:07,047 DEBUG    decos.py    Была вызвана функция process_answer с параметрами ({'response': 200},), {}.Вызов из модуля __main__.Вызов из функции main() компонента client.py
2021-12-28 08:47:07,048 INFO     client.py   Принят ответ от сервера:200: все норм
2021-12-28 08:47:07,049 DEBUG    client.py   Запущены процессы
2021-12-28 08:47:07,077 DEBUG    decos.py    Была вызвана функция process_answer с параметрами ({'response': 200},), {}.Вызов из модуля __main__.Вызов из функции main() компонента client.py
2021-12-28 08:47:07,078 INFO     client.py   Принят ответ от сервера:200: все норм
2021-12-28 08:47:07,078 DEBUG    client.py   Запущены процессы
2021-12-28 08:47:18,494 DEBUG    decos.py    Была вызвана функция create_exit_message с параметрами (<ClientSender(Thread-2, started daemon 69080)>,), {}.Вызов из модуля __main__.Вызов из функции self._bootstrap_inner() компонента threading.py
2021-12-28 08:47:18,619 INFO     client.py   Завершение работы по команде пользователя.
2021-12-28 08:47:18,886 ERROR    client.py   Получено некорректное сообщение с сервера: {'response': 400, 'error': 'Запрос некорректен.'}
2021-12-28 08:47:19,167 DEBUG    decos.py    Была вызвана функция main с параметрами (), {}.Вызов из модуля __main__.Вызов из функции main() компонента client.py
2021-12-28 08:48:18,077 DEBUG    decos.py    Была вызвана функция arg_parser с параметрами (), {}.Вызов из модуля __main__.Вызов из функции main() компонента client.py
2021-12-28 08:48:18,078 INFO     client.py   Запущен клиент с парамертами: адрес сервера: 127.0.0.1, порт: 7777, имя пользователя: test1
2021-12-28 08:48:19,109 DEBUG    client.py   Сформировано presence сообщение для пользователя test1
2021-12-28 08:48:19,111 DEBUG    decos.py    Была вызвана функция create_presence с параметрами ('test1',), {}.Вызов из модуля __main__.Вызов из функции main() компонента client.py
2021-12-28 08:48:19,111 INFO     client.py   Серверу отправлено сообщение
2021-12-28 08:48:19,616 DEBUG    decos.py    Была вызвана функция process_answer с параметрами ({'response': 200},), {}.Вызов из модуля __main__.Вызов из функции main() компонента client.py
2021-12-28 08:48:19,616 INFO     client.py   Принят ответ от сервера:200: все норм
2021-12-28 08:48:19,617 DEBUG    client.py   Запущены процессы
2021-12-28 08:48:32,056 DEBUG    decos.py    Была вызвана функция create_exit_message с параметрами (<ClientSender(Thread-2, started daemon 22452)>,), {}.Вызов из модуля __main__.Вызов из функции self._bootstrap_inner() компонента threading.py
2021-12-28 08:48:32,182 INFO     client.py   Завершение работы по команде пользователя.
2021-12-28 08:48:32,292 ERROR    client.py   Получено некорректное сообщение с сервера: {'response': 400, 'error': 'Запрос некорректен.'}
2021-12-28 08:48:32,732 DEBUG    decos.py    Была вызвана функция main с параметрами (), {}.Вызов из модуля __main__.Вызов из функции main() компонента client.py
2021-12-28 08:51:06,575 DEBUG    decos.py    Была вызвана функция arg_parser с параметрами (), {}.Вызов из модуля __main__.Вызов из функции main() компонента pydevd.py
2021-12-28 08:51:13,909 INFO     client.py   Запущен клиент с парамертами: адрес сервера: 127.0.0.1, порт: 7777, имя пользователя: test1
2021-12-28 08:51:13,911 DEBUG    client.py   Сформировано presence сообщение для пользователя test1
2021-12-28 08:51:13,912 DEBUG    decos.py    Была вызвана функция create_presence с параметрами ('test1',), {}.Вызов из модуля __main__.Вызов из функции main() компонента pydevd.py
2021-12-28 08:51:13,912 INFO     client.py   Серверу отправлено сообщение
2021-12-28 08:51:14,420 DEBUG    decos.py    Была вызвана функция process_answer с параметрами ({'response': 200},), {}.Вызов из модуля __main__.Вызов из функции main() компонента pydevd.py
2021-12-28 08:51:14,420 INFO     client.py   Принят ответ от сервера:200: все норм
2021-12-28 08:51:14,423 DEBUG    client.py   Запущены процессы
2021-12-28 08:52:23,565 DEBUG    decos.py    Была вызвана функция create_exit_message с параметрами (<ClientSender(Thread-7, started daemon 80380)>,), {}.Вызов из модуля __main__.Вызов из функции **self.kwargs) компонента pydev_monkey.py
2021-12-28 08:52:23,659 INFO     client.py   Завершение работы по команде пользователя.
2021-12-28 08:52:24,209 DEBUG    decos.py    Была вызвана функция main с параметрами (), {}.Вызов из модуля __main__.Вызов из функции main() компонента pydevd.py
2021-12-28 09:05:24,353 DEBUG    decos.py    Была вызвана функция arg_parser с параметрами (), {}.Вызов из модуля __main__.Вызов из функции main() компонента client.py
2021-12-28 09:05:52,302 DEBUG    decos.py    Была вызвана функция arg_parser с параметрами (), {}.Вызов из модуля __main__.Вызов из функции main() компонента client.py
2021-12-28 09:05:52,302 INFO     client.py   Запущен клиент с парамертами: адрес сервера: 127.0.0.1, порт: 7777, имя пользователя: test1
2021-12-28 09:05:53,322 DEBUG    client.py   Сформировано presence сообщение для пользователя test1
2021-12-28 09:05:53,324 DEBUG    decos.py    Была вызвана функция create_presence с параметрами ('test1',), {}.Вызов из модуля __main__.Вызов из функции main() компонента client.py
2021-12-28 09:05:53,324 INFO     client.py   Серверу отправлено сообщение
2021-12-28 09:05:53,842 DEBUG    decos.py    Была вызвана функция process_answer с параметрами ({'response': 200},), {}.Вызов из модуля __main__.Вызов из функции main() компонента client.py
2021-12-28 09:05:53,842 INFO     client.py   Принят ответ от сервера:200: все норм
2021-12-28 09:05:53,845 DEBUG    client.py   Запущены процессы
2021-12-28 09:06:33,304 DEBUG    decos.py    Была вызвана функция arg_parser с параметрами (), {}.Вызов из модуля __main__.Вызов из функции main() компонента client.py
2021-12-28 09:06:33,305 INFO     client.py   Запущен клиент с парамертами: адрес сервера: 127.0.0.1, порт: 7777, имя пользователя: test1
2021-12-28 09:06:34,325 DEBUG    client.py   Сформировано presence сообщение для пользователя test1
2021-12-28 09:06:34,326 DEBUG    decos.py    Была вызвана функция create_presence с параметрами ('test1',), {}.Вызов из модуля __main__.Вызов из функции main() компонента client.py
2021-12-28 09:06:34,326 INFO     client.py   Серверу отправлено сообщение
2021-12-28 09:06:34,827 DEBUG    decos.py    Была вызвана функция process_answer с параметрами ({'response': 200},), {}.Вызов из модуля __main__.Вызов из функции main() компонента client.py
2021-12-28 09:06:34,828 INFO     client.py   Принят ответ от сервера:200: все норм
2021-12-28 09:06:34,829 DEBUG    client.py   Запущены процессы
2021-12-28 09:06:42,445 DEBUG    decos.py    Была вызвана функция create_exit_message с параметрами (<ClientSender(Thread-2, started daemon 15588)>,), {}.Вызов из модуля __main__.Вызов из функции self._bootstrap_inner() компонента threading.py
2021-12-28 09:06:42,554 INFO     client.py   Завершение работы по команде пользователя.
2021-12-28 09:06:43,010 ERROR    client.py   Получено некорректное сообщение с сервера: {'response': 400, 'error': 'Запрос некорректен.'}
2021-12-28 09:06:43,103 DEBUG    decos.py    Была вызвана функция main с параметрами (), {}.Вызов из модуля __main__.Вызов из функции main() компонента client.py
